build/app/intermediates/manifest_merge_blame_file/release/manifest-merger-blame-release-report.txt
1<?xml version="1.0" encoding="utf-8"?>
2<manifest xmlns:android="http://schemas.android.com/apk/res/android"
3    package="com.example.spacex_latest_launch"
4    android:versionCode="1"
5    android:versionName="1.0.0" >
6
7    <uses-sdk
8        android:minSdkVersion="21"
8-->src/main/AndroidManifest.xml
9        android:targetSdkVersion="30" />
9-->src/main/AndroidManifest.xml
10
11    <uses-permission android:name="android.permission.INTERNET" />
11-->src/main/AndroidManifest.xml:3:5-66
11-->src/main/AndroidManifest.xml:3:22-64
12
13    <queries>
13-->[:flutter_inappwebview] AndroidManifest.xml:7:5-11:15
14        <intent>
14-->[:flutter_inappwebview] AndroidManifest.xml:8:9-10:18
15            <action android:name="android.support.customtabs.action.CustomTabsService" />
15-->[:flutter_inappwebview] AndroidManifest.xml:9:13-90
15-->[:flutter_inappwebview] AndroidManifest.xml:9:21-87
16        </intent>
17    </queries>
18
19    <application
19-->src/main/AndroidManifest.xml:4:4-41:19
20        android:appComponentFactory="androidx.core.app.CoreComponentFactory"
20-->[androidx.core:core:1.3.0] AndroidManifest.xml:24:18-86
21        android:icon="@mipmap/ic_launcher"
21-->src/main/AndroidManifest.xml:6:9-43
22        android:label="SpaceX Latest Launch" >
22-->src/main/AndroidManifest.xml:5:9-45
23        <activity
23-->src/main/AndroidManifest.xml:7:9-35:20
24            android:name="com.example.spacex_latest_launch.MainActivity"
24-->src/main/AndroidManifest.xml:8:13-41
25            android:configChanges="orientation|keyboardHidden|keyboard|screenSize|smallestScreenSize|locale|layoutDirection|fontScale|screenLayout|density|uiMode"
25-->src/main/AndroidManifest.xml:11:13-163
26            android:hardwareAccelerated="true"
26-->src/main/AndroidManifest.xml:12:13-47
27            android:launchMode="singleTop"
27-->src/main/AndroidManifest.xml:9:13-43
28            android:theme="@style/LaunchTheme"
28-->src/main/AndroidManifest.xml:10:13-47
29            android:windowSoftInputMode="adjustResize" >
29-->src/main/AndroidManifest.xml:13:13-55
30
31            <!--
32                 Specifies an Android theme to apply to this Activity as soon as
33                 the Android process has started. This theme is visible to the user
34                 while the Flutter UI initializes. After that, this theme continues
35                 to determine the Window background behind the Flutter UI.
36            -->
37            <meta-data
37-->src/main/AndroidManifest.xml:18:13-21:17
38                android:name="io.flutter.embedding.android.NormalTheme"
38-->src/main/AndroidManifest.xml:19:15-70
39                android:resource="@style/NormalTheme" />
39-->src/main/AndroidManifest.xml:20:15-52
40            <!--
41                 Displays an Android View that continues showing the launch screen
42                 Drawable until Flutter paints its first frame, then this splash
43                 screen fades out. A splash screen is useful to avoid any visual
44                 gap between the end of Android's launch screen and the painting of
45                 Flutter's first frame.
46            -->
47            <meta-data
47-->src/main/AndroidManifest.xml:27:13-30:17
48                android:name="io.flutter.embedding.android.SplashScreenDrawable"
48-->src/main/AndroidManifest.xml:28:15-79
49                android:resource="@drawable/launch_background" />
49-->src/main/AndroidManifest.xml:29:15-61
50
51            <intent-filter>
51-->src/main/AndroidManifest.xml:31:13-34:29
52                <action android:name="android.intent.action.MAIN" />
52-->src/main/AndroidManifest.xml:32:17-68
52-->src/main/AndroidManifest.xml:32:25-66
53
54                <category android:name="android.intent.category.LAUNCHER" />
54-->src/main/AndroidManifest.xml:33:17-76
54-->src/main/AndroidManifest.xml:33:27-74
55            </intent-filter>
56        </activity>
57        <!--
58             Don't delete the meta-data below.
59             This is used by the Flutter tool to generate GeneratedPluginRegistrant.java
60        -->
61        <meta-data
61-->src/main/AndroidManifest.xml:38:9-40:33
62            android:name="flutterEmbedding"
62-->src/main/AndroidManifest.xml:39:13-44
63            android:value="2" />
63-->src/main/AndroidManifest.xml:40:13-30
64
65        <activity
65-->[:flutter_inappwebview] AndroidManifest.xml:14:9-17:47
66            android:name="com.pichillilorenzo.flutter_inappwebview.in_app_browser.InAppBrowserActivity"
66-->[:flutter_inappwebview] AndroidManifest.xml:15:13-104
67            android:configChanges="orientation|keyboardHidden|keyboard|screenSize|locale|layoutDirection|fontScale|screenLayout|density"
67-->[:flutter_inappwebview] AndroidManifest.xml:16:13-137
68            android:theme="@style/AppTheme" />
68-->[:flutter_inappwebview] AndroidManifest.xml:17:13-44
69        <activity
69-->[:flutter_inappwebview] AndroidManifest.xml:18:9-20:55
70            android:name="com.pichillilorenzo.flutter_inappwebview.chrome_custom_tabs.ChromeCustomTabsActivity"
70-->[:flutter_inappwebview] AndroidManifest.xml:19:13-112
71            android:theme="@style/ThemeTransparent" />
71-->[:flutter_inappwebview] AndroidManifest.xml:20:13-52
72
73        <receiver android:name="com.pichillilorenzo.flutter_inappwebview.chrome_custom_tabs.ActionBroadcastReceiver" />
73-->[:flutter_inappwebview] AndroidManifest.xml:22:9-120
73-->[:flutter_inappwebview] AndroidManifest.xml:22:19-117
74
75        <meta-data
75-->[:flutter_inappwebview] AndroidManifest.xml:24:9-26:36
76            android:name="io.flutter.embedded_views_preview"
76-->[:flutter_inappwebview] AndroidManifest.xml:25:13-61
77            android:value="true" />
77-->[:flutter_inappwebview] AndroidManifest.xml:26:13-33
78
79        <activity
79-->[:url_launcher] AndroidManifest.xml:8:9-11:74
80            android:name="io.flutter.plugins.urllauncher.WebViewActivity"
80-->[:url_launcher] AndroidManifest.xml:9:13-74
81            android:exported="false"
81-->[:url_launcher] AndroidManifest.xml:10:13-37
82            android:theme="@android:style/Theme.NoTitleBar.Fullscreen" />
82-->[:url_launcher] AndroidManifest.xml:11:13-71
83    </application>
84
85</manifest>